.\lencod/Debug\lencod.bsc
.\lencod/Debug\lencod.pdb
C:\Users\Administrator\Desktop\jm8.6\JM\.\lencod/Debug\lencod.exe.intermediate.manifest
C:\USERS\ADMINISTRATOR\DESKTOP\JM8.6\JM\BIN\LENCOD.EXE
C:\USERS\ADMINISTRATOR\DESKTOP\JM8.6\JM\BIN\LENCOD.ILK
C:\USERS\ADMINISTRATOR\DESKTOP\JM8.6\JM\LENCOD\DEBUG\ANNEXB.OBJ
C:\USERS\ADMINISTRATOR\DESKTOP\JM8.6\JM\LENCOD\DEBUG\ANNEXB.SBR
C:\USERS\ADMINISTRATOR\DESKTOP\JM8.6\JM\LENCOD\DEBUG\BIARIENCODE.OBJ
C:\USERS\ADMINISTRATOR\DESKTOP\JM8.6\JM\LENCOD\DEBUG\BIARIENCODE.SBR
C:\USERS\ADMINISTRATOR\DESKTOP\JM8.6\JM\LENCOD\DEBUG\BLOCK.OBJ
C:\USERS\ADMINISTRATOR\DESKTOP\JM8.6\JM\LENCOD\DEBUG\BLOCK.SBR
C:\Users\Administrator\Desktop\jm8.6\JM\lencod\Debug\BscMake.command.1.tlog
C:\Users\Administrator\Desktop\jm8.6\JM\lencod\Debug\bscmake.read.1.tlog
C:\Users\Administrator\Desktop\jm8.6\JM\lencod\Debug\bscmake.write.1.tlog
C:\USERS\ADMINISTRATOR\DESKTOP\JM8.6\JM\LENCOD\DEBUG\CABAC.OBJ
C:\USERS\ADMINISTRATOR\DESKTOP\JM8.6\JM\LENCOD\DEBUG\CABAC.SBR
C:\Users\Administrator\Desktop\jm8.6\JM\lencod\Debug\cl.command.1.tlog
C:\Users\Administrator\Desktop\jm8.6\JM\lencod\Debug\CL.read.1.tlog
C:\Users\Administrator\Desktop\jm8.6\JM\lencod\Debug\CL.write.1.tlog
C:\USERS\ADMINISTRATOR\DESKTOP\JM8.6\JM\LENCOD\DEBUG\CONFIGFILE.OBJ
C:\USERS\ADMINISTRATOR\DESKTOP\JM8.6\JM\LENCOD\DEBUG\CONFIGFILE.SBR
C:\USERS\ADMINISTRATOR\DESKTOP\JM8.6\JM\LENCOD\DEBUG\CONTEXT_INI.OBJ
C:\USERS\ADMINISTRATOR\DESKTOP\JM8.6\JM\LENCOD\DEBUG\CONTEXT_INI.SBR
C:\USERS\ADMINISTRATOR\DESKTOP\JM8.6\JM\LENCOD\DEBUG\DECODER.OBJ
C:\USERS\ADMINISTRATOR\DESKTOP\JM8.6\JM\LENCOD\DEBUG\DECODER.SBR
C:\USERS\ADMINISTRATOR\DESKTOP\JM8.6\JM\LENCOD\DEBUG\FAST_ME.OBJ
C:\USERS\ADMINISTRATOR\DESKTOP\JM8.6\JM\LENCOD\DEBUG\FAST_ME.SBR
C:\USERS\ADMINISTRATOR\DESKTOP\JM8.6\JM\LENCOD\DEBUG\FILEHANDLE.OBJ
C:\USERS\ADMINISTRATOR\DESKTOP\JM8.6\JM\LENCOD\DEBUG\FILEHANDLE.SBR
C:\USERS\ADMINISTRATOR\DESKTOP\JM8.6\JM\LENCOD\DEBUG\FMO.OBJ
C:\USERS\ADMINISTRATOR\DESKTOP\JM8.6\JM\LENCOD\DEBUG\FMO.SBR
C:\USERS\ADMINISTRATOR\DESKTOP\JM8.6\JM\LENCOD\DEBUG\HEADER.OBJ
C:\USERS\ADMINISTRATOR\DESKTOP\JM8.6\JM\LENCOD\DEBUG\HEADER.SBR
C:\USERS\ADMINISTRATOR\DESKTOP\JM8.6\JM\LENCOD\DEBUG\IMAGE.OBJ
C:\USERS\ADMINISTRATOR\DESKTOP\JM8.6\JM\LENCOD\DEBUG\IMAGE.SBR
C:\USERS\ADMINISTRATOR\DESKTOP\JM8.6\JM\LENCOD\DEBUG\INTRAREFRESH.OBJ
C:\USERS\ADMINISTRATOR\DESKTOP\JM8.6\JM\LENCOD\DEBUG\INTRAREFRESH.SBR
C:\USERS\ADMINISTRATOR\DESKTOP\JM8.6\JM\LENCOD\DEBUG\LEAKY_BUCKET.OBJ
C:\USERS\ADMINISTRATOR\DESKTOP\JM8.6\JM\LENCOD\DEBUG\LEAKY_BUCKET.SBR
C:\USERS\ADMINISTRATOR\DESKTOP\JM8.6\JM\LENCOD\DEBUG\LENCOD.BSC
C:\USERS\ADMINISTRATOR\DESKTOP\JM8.6\JM\LENCOD\DEBUG\LENCOD.EXE.EMBED.MANIFEST
C:\USERS\ADMINISTRATOR\DESKTOP\JM8.6\JM\LENCOD\DEBUG\LENCOD.EXE.EMBED.MANIFEST.RES
C:\USERS\ADMINISTRATOR\DESKTOP\JM8.6\JM\LENCOD\DEBUG\LENCOD.EXE.INTERMEDIATE.MANIFEST
C:\USERS\ADMINISTRATOR\DESKTOP\JM8.6\JM\LENCOD\DEBUG\LENCOD.OBJ
C:\USERS\ADMINISTRATOR\DESKTOP\JM8.6\JM\LENCOD\DEBUG\LENCOD.PDB
C:\USERS\ADMINISTRATOR\DESKTOP\JM8.6\JM\LENCOD\DEBUG\LENCOD.SBR
C:\Users\Administrator\Desktop\jm8.6\JM\lencod\Debug\lencod.write.1.tlog
C:\Users\Administrator\Desktop\jm8.6\JM\lencod\Debug\lencod_manifest.rc
C:\Users\Administrator\Desktop\jm8.6\JM\lencod\Debug\link.5240.read.1.tlog
C:\Users\Administrator\Desktop\jm8.6\JM\lencod\Debug\link.5240.write.1.tlog
C:\Users\Administrator\Desktop\jm8.6\JM\lencod\Debug\link.5240-cvtres.read.1.tlog
C:\Users\Administrator\Desktop\jm8.6\JM\lencod\Debug\link.5240-cvtres.write.1.tlog
C:\Users\Administrator\Desktop\jm8.6\JM\lencod\Debug\link.6356.read.1.tlog
C:\Users\Administrator\Desktop\jm8.6\JM\lencod\Debug\link.6356.write.1.tlog
C:\Users\Administrator\Desktop\jm8.6\JM\lencod\Debug\link.6356-cvtres.read.1.tlog
C:\Users\Administrator\Desktop\jm8.6\JM\lencod\Debug\link.6356-cvtres.write.1.tlog
C:\Users\Administrator\Desktop\jm8.6\JM\lencod\Debug\link.command.1.tlog
C:\Users\Administrator\Desktop\jm8.6\JM\lencod\Debug\link.read.1.tlog
C:\Users\Administrator\Desktop\jm8.6\JM\lencod\Debug\link.write.1.tlog
C:\Users\Administrator\Desktop\jm8.6\JM\lencod\Debug\link-cvtres.read.1.tlog
C:\Users\Administrator\Desktop\jm8.6\JM\lencod\Debug\link-cvtres.write.1.tlog
C:\USERS\ADMINISTRATOR\DESKTOP\JM8.6\JM\LENCOD\DEBUG\LOOPFILTER.OBJ
C:\USERS\ADMINISTRATOR\DESKTOP\JM8.6\JM\LENCOD\DEBUG\LOOPFILTER.SBR
C:\USERS\ADMINISTRATOR\DESKTOP\JM8.6\JM\LENCOD\DEBUG\MACROBLOCK.OBJ
C:\USERS\ADMINISTRATOR\DESKTOP\JM8.6\JM\LENCOD\DEBUG\MACROBLOCK.SBR
C:\USERS\ADMINISTRATOR\DESKTOP\JM8.6\JM\LENCOD\DEBUG\MB_ACCESS.OBJ
C:\USERS\ADMINISTRATOR\DESKTOP\JM8.6\JM\LENCOD\DEBUG\MB_ACCESS.SBR
C:\USERS\ADMINISTRATOR\DESKTOP\JM8.6\JM\LENCOD\DEBUG\MBUFFER.OBJ
C:\USERS\ADMINISTRATOR\DESKTOP\JM8.6\JM\LENCOD\DEBUG\MBUFFER.SBR
C:\USERS\ADMINISTRATOR\DESKTOP\JM8.6\JM\LENCOD\DEBUG\MEMALLOC.OBJ
C:\USERS\ADMINISTRATOR\DESKTOP\JM8.6\JM\LENCOD\DEBUG\MEMALLOC.SBR
C:\Users\Administrator\Desktop\jm8.6\JM\lencod\Debug\mt.command.1.tlog
C:\Users\Administrator\Desktop\jm8.6\JM\lencod\Debug\mt.read.1.tlog
C:\Users\Administrator\Desktop\jm8.6\JM\lencod\Debug\mt.write.1.tlog
C:\USERS\ADMINISTRATOR\DESKTOP\JM8.6\JM\LENCOD\DEBUG\MV-SEARCH.OBJ
C:\USERS\ADMINISTRATOR\DESKTOP\JM8.6\JM\LENCOD\DEBUG\MV-SEARCH.SBR
C:\USERS\ADMINISTRATOR\DESKTOP\JM8.6\JM\LENCOD\DEBUG\NAL.OBJ
C:\USERS\ADMINISTRATOR\DESKTOP\JM8.6\JM\LENCOD\DEBUG\NAL.SBR
C:\USERS\ADMINISTRATOR\DESKTOP\JM8.6\JM\LENCOD\DEBUG\NALU.OBJ
C:\USERS\ADMINISTRATOR\DESKTOP\JM8.6\JM\LENCOD\DEBUG\NALU.SBR
C:\USERS\ADMINISTRATOR\DESKTOP\JM8.6\JM\LENCOD\DEBUG\NALUCOMMON.OBJ
C:\USERS\ADMINISTRATOR\DESKTOP\JM8.6\JM\LENCOD\DEBUG\NALUCOMMON.SBR
C:\USERS\ADMINISTRATOR\DESKTOP\JM8.6\JM\LENCOD\DEBUG\OUTPUT.OBJ
C:\USERS\ADMINISTRATOR\DESKTOP\JM8.6\JM\LENCOD\DEBUG\OUTPUT.SBR
C:\USERS\ADMINISTRATOR\DESKTOP\JM8.6\JM\LENCOD\DEBUG\PARSET.OBJ
C:\USERS\ADMINISTRATOR\DESKTOP\JM8.6\JM\LENCOD\DEBUG\PARSET.SBR
C:\USERS\ADMINISTRATOR\DESKTOP\JM8.6\JM\LENCOD\DEBUG\PARSETCOMMON.OBJ
C:\USERS\ADMINISTRATOR\DESKTOP\JM8.6\JM\LENCOD\DEBUG\PARSETCOMMON.SBR
C:\USERS\ADMINISTRATOR\DESKTOP\JM8.6\JM\LENCOD\DEBUG\RATECTL.OBJ
C:\USERS\ADMINISTRATOR\DESKTOP\JM8.6\JM\LENCOD\DEBUG\RATECTL.SBR
C:\Users\Administrator\Desktop\jm8.6\JM\lencod\Debug\rc.command.1.tlog
C:\Users\Administrator\Desktop\jm8.6\JM\lencod\Debug\rc.read.1.tlog
C:\Users\Administrator\Desktop\jm8.6\JM\lencod\Debug\rc.write.1.tlog
C:\USERS\ADMINISTRATOR\DESKTOP\JM8.6\JM\LENCOD\DEBUG\RDOPT.OBJ
C:\USERS\ADMINISTRATOR\DESKTOP\JM8.6\JM\LENCOD\DEBUG\RDOPT.SBR
C:\USERS\ADMINISTRATOR\DESKTOP\JM8.6\JM\LENCOD\DEBUG\RDOPT_CODING_STATE.OBJ
C:\USERS\ADMINISTRATOR\DESKTOP\JM8.6\JM\LENCOD\DEBUG\RDOPT_CODING_STATE.SBR
C:\USERS\ADMINISTRATOR\DESKTOP\JM8.6\JM\LENCOD\DEBUG\REFBUF.OBJ
C:\USERS\ADMINISTRATOR\DESKTOP\JM8.6\JM\LENCOD\DEBUG\REFBUF.SBR
C:\USERS\ADMINISTRATOR\DESKTOP\JM8.6\JM\LENCOD\DEBUG\RTP.OBJ
C:\USERS\ADMINISTRATOR\DESKTOP\JM8.6\JM\LENCOD\DEBUG\RTP.SBR
C:\USERS\ADMINISTRATOR\DESKTOP\JM8.6\JM\LENCOD\DEBUG\SEI.OBJ
C:\USERS\ADMINISTRATOR\DESKTOP\JM8.6\JM\LENCOD\DEBUG\SEI.SBR
C:\USERS\ADMINISTRATOR\DESKTOP\JM8.6\JM\LENCOD\DEBUG\SLICE.OBJ
C:\USERS\ADMINISTRATOR\DESKTOP\JM8.6\JM\LENCOD\DEBUG\SLICE.SBR
C:\Users\Administrator\Desktop\jm8.6\JM\lencod\Debug\vc100.idb
C:\USERS\ADMINISTRATOR\DESKTOP\JM8.6\JM\LENCOD\DEBUG\VC100.PDB
C:\USERS\ADMINISTRATOR\DESKTOP\JM8.6\JM\LENCOD\DEBUG\VLC.OBJ
C:\USERS\ADMINISTRATOR\DESKTOP\JM8.6\JM\LENCOD\DEBUG\VLC.SBR
C:\USERS\ADMINISTRATOR\DESKTOP\JM8.6\JM\LENCOD\DEBUG\WEIGHTED_PREDICTION.OBJ
C:\USERS\ADMINISTRATOR\DESKTOP\JM8.6\JM\LENCOD\DEBUG\WEIGHTED_PREDICTION.SBR
