.\bin\lencod.ilk
.\bin\lencod.pdb
E:\std_Jm86\jm8.6\JM\.\bin\lencod.exe
E:\std_Jm86\jm8.6\JM\.\bin\lencod.exe.intermediate.manifest
E:\STD_JM86\JM8.6\JM\BIN\ANNEXB.SBR
E:\STD_JM86\JM8.6\JM\BIN\BIARIENCODE.SBR
E:\STD_JM86\JM8.6\JM\BIN\BLOCK.SBR
E:\std_Jm86\jm8.6\JM\bin\BscMake.command.1.tlog
E:\std_Jm86\jm8.6\JM\bin\bscmake.read.1.tlog
E:\std_Jm86\jm8.6\JM\bin\bscmake.write.1.tlog
E:\STD_JM86\JM8.6\JM\BIN\CABAC.SBR
E:\std_Jm86\jm8.6\JM\bin\cl.command.1.tlog
E:\std_Jm86\jm8.6\JM\bin\CL.read.1.tlog
E:\std_Jm86\jm8.6\JM\bin\CL.write.1.tlog
E:\STD_JM86\JM8.6\JM\BIN\CONFIGFILE.SBR
E:\STD_JM86\JM8.6\JM\BIN\CONTEXT_INI.SBR
E:\STD_JM86\JM8.6\JM\BIN\DECODER.SBR
E:\STD_JM86\JM8.6\JM\BIN\FAST_ME.SBR
E:\STD_JM86\JM8.6\JM\BIN\FILEHANDLE.SBR
E:\STD_JM86\JM8.6\JM\BIN\FMO.SBR
E:\STD_JM86\JM8.6\JM\BIN\HEADER.SBR
E:\STD_JM86\JM8.6\JM\BIN\IMAGE.SBR
E:\STD_JM86\JM8.6\JM\BIN\INTRAREFRESH.SBR
E:\STD_JM86\JM8.6\JM\BIN\LEAKY_BUCKET.SBR
E:\STD_JM86\JM8.6\JM\BIN\LENCOD.EXE
E:\STD_JM86\JM8.6\JM\BIN\LENCOD.EXE.EMBED.MANIFEST
E:\STD_JM86\JM8.6\JM\BIN\LENCOD.EXE.EMBED.MANIFEST.RES
E:\STD_JM86\JM8.6\JM\BIN\LENCOD.EXE.INTERMEDIATE.MANIFEST
E:\STD_JM86\JM8.6\JM\BIN\LENCOD.ILK
E:\STD_JM86\JM8.6\JM\BIN\LENCOD.PDB
E:\STD_JM86\JM8.6\JM\BIN\LENCOD.SBR
E:\std_Jm86\jm8.6\JM\bin\lencod.vcxprojResolveAssemblyReference.cache
E:\std_Jm86\jm8.6\JM\bin\lencod.write.1.tlog
E:\std_Jm86\jm8.6\JM\bin\lencod_manifest.rc
E:\std_Jm86\jm8.6\JM\bin\link.72124.read.1.tlog
E:\std_Jm86\jm8.6\JM\bin\link.72124.write.1.tlog
E:\std_Jm86\jm8.6\JM\bin\link.72124-cvtres.read.1.tlog
E:\std_Jm86\jm8.6\JM\bin\link.72124-cvtres.write.1.tlog
E:\std_Jm86\jm8.6\JM\bin\link.command.1.tlog
E:\std_Jm86\jm8.6\JM\bin\link.read.1.tlog
E:\std_Jm86\jm8.6\JM\bin\link.write.1.tlog
E:\std_Jm86\jm8.6\JM\bin\link-cvtres.read.1.tlog
E:\std_Jm86\jm8.6\JM\bin\link-cvtres.write.1.tlog
E:\STD_JM86\JM8.6\JM\BIN\LOOPFILTER.SBR
E:\STD_JM86\JM8.6\JM\BIN\MACROBLOCK.SBR
E:\STD_JM86\JM8.6\JM\BIN\MB_ACCESS.SBR
E:\STD_JM86\JM8.6\JM\BIN\MBUFFER.SBR
E:\STD_JM86\JM8.6\JM\BIN\MEMALLOC.SBR
E:\std_Jm86\jm8.6\JM\bin\mt.command.1.tlog
E:\std_Jm86\jm8.6\JM\bin\mt.read.1.tlog
E:\std_Jm86\jm8.6\JM\bin\mt.write.1.tlog
E:\STD_JM86\JM8.6\JM\BIN\MV-SEARCH.SBR
E:\STD_JM86\JM8.6\JM\BIN\NAL.SBR
E:\STD_JM86\JM8.6\JM\BIN\NALU.SBR
E:\STD_JM86\JM8.6\JM\BIN\NALUCOMMON.SBR
E:\STD_JM86\JM8.6\JM\BIN\OUTPUT.SBR
E:\STD_JM86\JM8.6\JM\BIN\PARSET.SBR
E:\STD_JM86\JM8.6\JM\BIN\PARSETCOMMON.SBR
E:\STD_JM86\JM8.6\JM\BIN\RATECTL.SBR
E:\std_Jm86\jm8.6\JM\bin\rc.command.1.tlog
E:\std_Jm86\jm8.6\JM\bin\rc.read.1.tlog
E:\std_Jm86\jm8.6\JM\bin\rc.write.1.tlog
E:\STD_JM86\JM8.6\JM\BIN\RDOPT.SBR
E:\STD_JM86\JM8.6\JM\BIN\RDOPT_CODING_STATE.SBR
E:\STD_JM86\JM8.6\JM\BIN\REFBUF.SBR
E:\STD_JM86\JM8.6\JM\BIN\RTP.SBR
E:\STD_JM86\JM8.6\JM\BIN\SEI.SBR
E:\STD_JM86\JM8.6\JM\BIN\SLICE.SBR
E:\STD_JM86\JM8.6\JM\BIN\VLC.SBR
E:\STD_JM86\JM8.6\JM\BIN\WEIGHTED_PREDICTION.SBR
E:\STD_JM86\JM8.6\JM\LENCOD\DEBUG\ANNEXB.OBJ
E:\STD_JM86\JM8.6\JM\LENCOD\DEBUG\BIARIENCODE.OBJ
E:\STD_JM86\JM8.6\JM\LENCOD\DEBUG\BLOCK.OBJ
E:\STD_JM86\JM8.6\JM\LENCOD\DEBUG\CABAC.OBJ
E:\STD_JM86\JM8.6\JM\LENCOD\DEBUG\CONFIGFILE.OBJ
E:\STD_JM86\JM8.6\JM\LENCOD\DEBUG\CONTEXT_INI.OBJ
E:\STD_JM86\JM8.6\JM\LENCOD\DEBUG\DECODER.OBJ
E:\STD_JM86\JM8.6\JM\LENCOD\DEBUG\FAST_ME.OBJ
E:\STD_JM86\JM8.6\JM\LENCOD\DEBUG\FILEHANDLE.OBJ
E:\STD_JM86\JM8.6\JM\LENCOD\DEBUG\FMO.OBJ
E:\STD_JM86\JM8.6\JM\LENCOD\DEBUG\HEADER.OBJ
E:\STD_JM86\JM8.6\JM\LENCOD\DEBUG\IMAGE.OBJ
E:\STD_JM86\JM8.6\JM\LENCOD\DEBUG\INTRAREFRESH.OBJ
E:\STD_JM86\JM8.6\JM\LENCOD\DEBUG\LEAKY_BUCKET.OBJ
E:\STD_JM86\JM8.6\JM\LENCOD\DEBUG\LENCOD.BSC
E:\STD_JM86\JM8.6\JM\LENCOD\DEBUG\LENCOD.OBJ
E:\STD_JM86\JM8.6\JM\LENCOD\DEBUG\LOOPFILTER.OBJ
E:\STD_JM86\JM8.6\JM\LENCOD\DEBUG\MACROBLOCK.OBJ
E:\STD_JM86\JM8.6\JM\LENCOD\DEBUG\MB_ACCESS.OBJ
E:\STD_JM86\JM8.6\JM\LENCOD\DEBUG\MBUFFER.OBJ
E:\STD_JM86\JM8.6\JM\LENCOD\DEBUG\MEMALLOC.OBJ
E:\STD_JM86\JM8.6\JM\LENCOD\DEBUG\MV-SEARCH.OBJ
E:\STD_JM86\JM8.6\JM\LENCOD\DEBUG\NAL.OBJ
E:\STD_JM86\JM8.6\JM\LENCOD\DEBUG\NALU.OBJ
E:\STD_JM86\JM8.6\JM\LENCOD\DEBUG\NALUCOMMON.OBJ
E:\STD_JM86\JM8.6\JM\LENCOD\DEBUG\OUTPUT.OBJ
E:\STD_JM86\JM8.6\JM\LENCOD\DEBUG\PARSET.OBJ
E:\STD_JM86\JM8.6\JM\LENCOD\DEBUG\PARSETCOMMON.OBJ
E:\STD_JM86\JM8.6\JM\LENCOD\DEBUG\RATECTL.OBJ
E:\STD_JM86\JM8.6\JM\LENCOD\DEBUG\RDOPT.OBJ
E:\STD_JM86\JM8.6\JM\LENCOD\DEBUG\RDOPT_CODING_STATE.OBJ
E:\STD_JM86\JM8.6\JM\LENCOD\DEBUG\REFBUF.OBJ
E:\STD_JM86\JM8.6\JM\LENCOD\DEBUG\RTP.OBJ
E:\STD_JM86\JM8.6\JM\LENCOD\DEBUG\SEI.OBJ
E:\STD_JM86\JM8.6\JM\LENCOD\DEBUG\SLICE.OBJ
E:\STD_JM86\JM8.6\JM\LENCOD\DEBUG\VC100.PDB
E:\STD_JM86\JM8.6\JM\LENCOD\DEBUG\VLC.OBJ
E:\STD_JM86\JM8.6\JM\LENCOD\DEBUG\WEIGHTED_PREDICTION.OBJ
